0
2048
4096
6144
8192
10240
12288
14336
16384
18432
20480
22528
24576
26624
28672
30720
32768
34816
36864
38912
40960
43008
45056
47104
49152
51200
53248
55296
57344
59392
61440
63488
65536
67584
69632
71680
73728
75776
77824
79872
81920
83968
86016
88064
90112
92160
94208
96256
98304
100352
102400
104448
106496
108544
110592
112640
114688
116736
118784
120832
122880
124928
126976
129024
131072
133120
135168
137216
139264
141312
143360
145408
147456
149504
151552
153600
155648
157696
159744
161792
163840
165888
167936
169984
172032
174080
176128
178176
180224
182272
184320
186368
188416
190464
192512
194560
196608
198656
200704
202752
204800
206848
208896
210944
212992
215040
217088
219136
221184
223232
225280
227328
229376
231424
233472
235520
237568
239616
241664
243712
245760
247808
249856
251904
253952
256000
258048
260096
262144
264192
266240
268288
270336
272384
274432
276480
278528
280576
282624
284672
286720
288768
290816
292864
294912
296960
299008
301056
303104
305152
307200
309248
311296
313344
315392
317440
319488
321536
323584
325632
327680
329728
331776
333824
335872
337920
339968
342016
344064
346112
348160
350208
352256
354304
356352
358400
360448
362496
364544
366592
368640
370688
372736
374784
376832
378880
380928
382976
385024
387072
389120
391168
393216
395264
397312
399360
401408
403456
405504
407552
409600
411648
413696
415744
417792
419840
421888
423936
425984
428032
430080
432128
434176
436224
438272
440320
442368
444416
446464
448512
450560
452608
454656
456704
458752
460800
462848
464896
466944
468992
471040
473088
475136
477184
479232
481280
483328
485376
487424
489472
491520
493568
495616
497664
499712
501760
503808
505856
507904
509952
512000
514048
516096
518144
520192
522240
524288
526336
528384
530432
532480
534528
536576
538624
540672
542720
544768
546816
548864
550912
552960
555008
557056
559104
561152
563200
565248
567296
569344
571392
573440
575488
577536
579584
581632
583680
585728
587776
589824
591872
593920
595968
598016
600064
602112
604160
606208
608256
610304
612352
614400
616448
618496
620544
622592
624640
626688
628736
630784
632832
634880
636928
638976
641024
643072
645120
647168
649216
651264
653312
655360
657408
659456
661504
663552
665600
667648
669696
671744
673792
675840
677888
679936
681984
684032
686080
688128
690176
692224
694272
696320
698368
700416
702464
704512
706560
708608
710656
712704
714752
716800
718848
720896
722944
724992
727040
729088
731136
733184
735232
737280
739328
741376
743424
745472
747520
749568
751616
753664
755712
757760
759808
761856
763904
765952
768000
770048
772096
774144
776192
778240
780288
782336
784384
786432
788480
790528
792576
794624
796672
798720
800768
802816
804864
806912
808960
811008
813056
815104
817152
819200
821248
823296
825344
827392
829440
831488
833536
835584
837632
839680
841728
843776
845824
847872
849920
851968
854016
856064
858112
860160
862208
864256
866304
868352
870400
872448
874496
876544
878592
880640
882688
884736
886784
888832
890880
892928
894976
897024
899072
901120
903168
905216
907264
909312
911360
913408
915456
917504
919552
921600
923648
925696
927744
929792
931840
933888
935936
937984
940032
942080
944128
946176
948224
950272
952320
954368
956416
958464
960512
962560
964608
966656
968704
970752
972800
974848
976896
978944
980992
983040
985088
987136
989184
991232
993280
995328
997376
999424
1001472
1003520
1005568
1007616
1009664
1011712
1013760
1015808
1017856
1019904
1021952
1024000
1026048
1028096
1030144
1032192
1034240
1036288
1038336
1040384
1042432
1044480
1046528
1024
3072
5120
7168
9216
11264
13312
15360
17408
19456
21504
23552
25600
27648
29696
31744
33792
35840
37888
39936
41984
44032
46080
48128
50176
52224
54272
56320
58368
60416
62464
64512
66560
68608
70656
72704
74752
76800
78848
80896
82944
84992
87040
89088
91136
93184
95232
97280
99328
101376
103424
105472
107520
109568
111616
113664
115712
117760
119808
121856
123904
125952
128000
130048
132096
134144
136192
138240
140288
142336
144384
146432
148480
150528
152576
154624
156672
158720
160768
162816
164864
166912
168960
171008
173056
175104
177152
179200
181248
183296
185344
187392
189440
191488
193536
195584
197632
199680
201728
203776
205824
207872
209920
211968
214016
216064
218112
220160
222208
224256
226304
228352
230400
232448
234496
236544
238592
240640
242688
244736
246784
248832
250880
252928
254976
257024
259072
261120
263168
265216
267264
269312
271360
273408
275456
277504
279552
281600
283648
285696
287744
289792
291840
293888
295936
297984
300032
302080
304128
306176
308224
310272
312320
314368
316416
318464
320512
322560
324608
326656
328704
330752
332800
334848
336896
338944
340992
343040
345088
347136
349184
351232
353280
355328
357376
359424
361472
363520
365568
367616
369664
371712
373760
375808
377856
379904
381952
384000
386048
388096
390144
392192
394240
396288
398336
400384
402432
404480
406528
408576
410624
412672
414720
416768
418816
420864
422912
424960
427008
429056
431104
433152
435200
437248
439296
441344
443392
445440
447488
449536
451584
453632
455680
457728
459776
461824
463872
465920
467968
470016
472064
474112
476160
478208
480256
482304
484352
486400
488448
490496
492544
494592
496640
498688
500736
502784
504832
506880
508928
510976
513024
515072
517120
519168
521216
523264
525312
527360
529408
531456
533504
535552
537600
539648
541696
543744
545792
547840
549888
551936
553984
556032
558080
560128
562176
564224
566272
568320
570368
572416
574464
576512
578560
580608
582656
584704
586752
588800
590848
592896
594944
596992
599040
601088
603136
605184
607232
609280
611328
613376
615424
617472
619520
621568
623616
625664
627712
629760
631808
633856
635904
637952
640000
642048
644096
646144
648192
650240
652288
654336
656384
658432
660480
662528
664576
666624
668672
670720
672768
674816
676864
678912
680960
683008
685056
687104
689152
691200
693248
695296
697344
699392
701440
703488
705536
707584
709632
711680
713728
715776
717824
719872
721920
723968
726016
728064
730112
732160
734208
736256
738304
740352
742400
744448
746496
748544
750592
752640
754688
756736
758784
760832
762880
764928
766976
769024
771072
773120
775168
777216
779264
781312
783360
785408
787456
789504
791552
793600
795648
797696
799744
801792
803840
805888
807936
809984
812032
814080
816128
818176
820224
822272
824320
826368
828416
830464
832512
834560
836608
838656
840704
842752
844800
846848
848896
850944
852992
855040
857088
859136
861184
863232
865280
867328
869376
871424
873472
875520
877568
879616
881664
883712
885760
887808
889856
891904
893952
896000
898048
900096
902144
904192
906240
908288
910336
912384
914432
916480
918528
920576
922624
924672
926720
928768
930816
932864
934912
936960
939008
941056
943104
945152
947200
949248
951296
953344
955392
957440
959488
961536
963584
965632
967680
969728
971776
973824
975872
977920
979968
982016
984064
986112
988160
990208
992256
994304
996352
998400
1000448
1002496
1004544
1006592
1008640
1010688
1012736
1014784
1016832
1018880
1020928
1022976
1025024
1027072
1029120
1031168
1033216
1035264
1037312
1039360
1041408
1043456
1045504
1047552
0
2048
4096
6144
8192
10240
12288
14336
16384
18432
20480
22528
24576
26624
28672
30720
32768
34816
36864
38912
40960
43008
45056
47104
49152
51200
53248
55296
57344
59392
61440
63488
65536
67584
69632
71680
73728
75776
77824
79872
81920
83968
86016
88064
90112
92160
94208
96256
98304
100352
102400
104448
106496
108544
110592
112640
114688
116736
118784
120832
122880
124928
126976
129024
131072
133120
135168
137216
139264
141312
143360
145408
147456
149504
151552
153600
155648
157696
159744
161792
163840
165888
167936
169984
172032
174080
176128
178176
180224
182272
184320
186368
188416
190464
192512
194560
196608
198656
200704
202752
204800
206848
208896
210944
212992
215040
217088
219136
221184
223232
225280
227328
229376
231424
233472
235520
237568
239616
241664
243712
245760
247808
249856
251904
253952
256000
258048
260096
262144
264192
266240
268288
270336
272384
274432
276480
278528
280576
282624
284672
286720
288768
290816
292864
294912
296960
299008
301056
303104
305152
307200
309248
311296
313344
315392
317440
319488
321536
323584
325632
327680
329728
331776
333824
335872
337920
339968
342016
344064
346112
348160
350208
352256
354304
356352
358400
360448
362496
364544
366592
368640
370688
372736
374784
376832
378880
380928
382976
385024
387072
389120
391168
393216
395264
397312
399360
401408
403456
405504
407552
409600
411648
413696
415744
417792
419840
421888
423936
425984
428032
430080
432128
434176
436224
438272
440320
442368
444416
446464
448512
450560
452608
454656
456704
458752
460800
462848
464896
466944
468992
471040
473088
475136
477184
479232
481280
483328
485376
487424
489472
491520
493568
495616
497664
499712
501760
503808
505856
507904
509952
512000
514048
516096
518144
520192
522240
524288
526336
528384
530432
532480
534528
536576
538624
540672
542720
544768
546816
548864
550912
552960
555008
557056
559104
561152
563200
565248
567296
569344
571392
573440
575488
577536
579584
581632
583680
585728
587776
589824
591872
593920
595968
598016
600064
602112
604160
606208
608256
610304
612352
614400
616448
618496
620544
622592
624640
626688
628736
630784
632832
634880
636928
638976
641024
643072
645120
647168
649216
651264
653312
655360
657408
659456
661504
663552
665600
667648
669696
671744
673792
675840
677888
679936
681984
684032
686080
688128
690176
692224
694272
696320
698368
700416
702464
704512
706560
708608
710656
712704
714752
716800
718848
720896
722944
724992
727040
729088
731136
733184
735232
737280
739328
741376
743424
745472
747520
749568
751616
753664
755712
757760
759808
761856
763904
765952
768000
770048
772096
774144
776192
778240
780288
782336
784384
786432
788480
790528
792576
794624
796672
798720
800768
802816
804864
806912
808960
811008
813056
815104
817152
819200
821248
823296
825344
827392
829440
831488
833536
835584
837632
839680
841728
843776
845824
847872
849920
851968
854016
856064
858112
860160
862208
864256
866304
868352
870400
872448
874496
876544
878592
880640
882688
884736
886784
888832
890880
892928
894976
897024
899072
901120
903168
905216
907264
909312
911360
913408
915456
917504
919552
921600
923648
925696
927744
929792
931840
933888
935936
937984
940032
942080
944128
946176
948224
950272
952320
954368
956416
958464
960512
962560
964608
966656
968704
970752
972800
974848
976896
978944
980992
983040
985088
987136
989184
991232
993280
995328
997376
999424
1001472
1003520
1005568
1007616
1009664
1011712
1013760
1015808
1017856
1019904
1021952
1024000
1026048
1028096
1030144
1032192
1034240
1036288
1038336
1040384
1042432
1044480
1046528
1024
3072
5120
7168
9216
11264
13312
15360
17408
19456
21504
23552
25600
27648
29696
31744
33792
35840
37888
39936
41984
44032
46080
48128
50176
52224
54272
56320
58368
60416
62464
64512
66560
68608
70656
72704
74752
76800
78848
80896
82944
84992
87040
89088
91136
93184
95232
97280
99328
101376
103424
105472
107520
109568
111616
113664
115712
117760
119808
121856
123904
125952
128000
130048
132096
134144
136192
138240
140288
142336
144384
146432
148480
150528
152576
154624
156672
158720
160768
162816
164864
166912
168960
171008
173056
175104
177152
179200
181248
183296
185344
187392
189440
191488
193536
195584
197632
199680
201728
203776
205824
207872
209920
211968
214016
216064
218112
220160
222208
224256
226304
228352
230400
232448
234496
236544
238592
240640
242688
244736
246784
248832
250880
252928
254976
257024
259072
261120
263168
265216
267264
269312
271360
273408
275456
277504
279552
281600
283648
285696
287744
289792
291840
293888
295936
297984
300032
302080
304128
306176
308224
310272
312320
314368
316416
318464
320512
322560
324608
326656
328704
330752
332800
334848
336896
338944
340992
343040
345088
347136
349184
351232
353280
355328
357376
359424
361472
363520
365568
367616
369664
371712
373760
375808
377856
379904
381952
384000
386048
388096
390144
392192
394240
396288
398336
400384
402432
404480
406528
408576
410624
412672
414720
416768
418816
420864
422912
424960
427008
429056
431104
433152
435200
437248
439296
441344
443392
445440
447488
449536
451584
453632
455680
457728
459776
461824
463872
465920
467968
470016
472064
474112
476160
478208
480256
482304
484352
486400
488448
490496
492544
494592
496640
498688
500736
502784
504832
506880
508928
510976
513024
515072
517120
519168
521216
523264
525312
527360
529408
531456
533504
535552
537600
539648
541696
543744
545792
547840
549888
551936
553984
556032
558080
560128
562176
564224
566272
568320
570368
572416
574464
576512
578560
580608
582656
584704
586752
588800
590848
592896
594944
596992
599040
601088
603136
605184
607232
609280
611328
613376
615424
617472
619520
621568
623616
625664
627712
629760
631808
633856
635904
637952
640000
642048
644096
646144
648192
650240
652288
654336
656384
658432
660480
662528
664576
666624
668672
670720
672768
674816
676864
678912
680960
683008
685056
687104
689152
691200
693248
695296
697344
699392
701440
703488
705536
707584
709632
711680
713728
715776
717824
719872
721920
723968
726016
728064
730112
732160
734208
736256
738304
740352
742400
744448
746496
748544
750592
752640
754688
756736
758784
760832
762880
764928
766976
769024
771072
773120
775168
777216
779264
781312
783360
785408
787456
789504
791552
793600
795648
797696
799744
801792
803840
805888
807936
809984
812032
814080
816128
818176
820224
822272
824320
826368
828416
830464
832512
834560
836608
838656
840704
842752
844800
846848
848896
850944
852992
855040
857088
859136
861184
863232
865280
867328
869376
871424
873472
875520
877568
879616
881664
883712
885760
887808
889856
891904
893952
896000
898048
900096
902144
904192
906240
908288
910336
912384
914432
916480
918528
920576
922624
924672
926720
928768
930816
932864
934912
936960
939008
941056
943104
945152
947200
949248
951296
953344
955392
957440
959488
961536
963584
965632
967680
969728
971776
973824
975872
977920
979968
982016
984064
986112
988160
990208
992256
994304
996352
998400
1000448
1002496
1004544
1006592
1008640
1010688
1012736
1014784
1016832
1018880
1020928
1022976
1025024
1027072
1029120
1031168
1033216
1035264
1037312
1039360
1041408
1043456
1045504
1047552
