1572864
1574912
1576960
1579008
1581056
1583104
1585152
1587200
1589248
1591296
1593344
1595392
1597440
1599488
1601536
1603584
1605632
1607680
1609728
1611776
1613824
1615872
1617920
1619968
1622016
1624064
1626112
1628160
1630208
1632256
1634304
1636352
1638400
1640448
1642496
1644544
1646592
1648640
1650688
1652736
1654784
1656832
1658880
1660928
1662976
1665024
1667072
1669120
1671168
1673216
1675264
1677312
1679360
1681408
1683456
1685504
1687552
1689600
1691648
1693696
1695744
1697792
1699840
1701888
1703936
1705984
1708032
1710080
1712128
1714176
1716224
1718272
1720320
1722368
1724416
1726464
1728512
1730560
1732608
1734656
1736704
1738752
1740800
1742848
1744896
1746944
1748992
1751040
1753088
1755136
1757184
1759232
1761280
1763328
1765376
1767424
1769472
1771520
1773568
1775616
1777664
1779712
1781760
1783808
1785856
1787904
1789952
1792000
1794048
1796096
1798144
1800192
1802240
1804288
1806336
1808384
1810432
1812480
1814528
1816576
1818624
1820672
1822720
1824768
1826816
1828864
1830912
1832960
1573888
1575936
1577984
1580032
1582080
1584128
1586176
1588224
1590272
1592320
1594368
1596416
1598464
1600512
1602560
1604608
1606656
1608704
1610752
1612800
1614848
1616896
1618944
1620992
1623040
1625088
1627136
1629184
1631232
1633280
1635328
1637376
1639424
1641472
1643520
1645568
1647616
1649664
1651712
1653760
1655808
1657856
1659904
1661952
1664000
1666048
1668096
1670144
1672192
1674240
1676288
1678336
1680384
1682432
1684480
1686528
1688576
1690624
1692672
1694720
1696768
1698816
1700864
1702912
1704960
1707008
1709056
1711104
1713152
1715200
1717248
1719296
1721344
1723392
1725440
1727488
1729536
1731584
1733632
1735680
1737728
1739776
1741824
1743872
1745920
1747968
1750016
1752064
1754112
1756160
1758208
1760256
1762304
1764352
1766400
1768448
1770496
1772544
1774592
1776640
1778688
1780736
1782784
1784832
1786880
1788928
1790976
1793024
1795072
1797120
1799168
1801216
1803264
1805312
1807360
1809408
1811456
1813504
1815552
1817600
1819648
1821696
1823744
1825792
1827840
1829888
1831936
1833984
1835008
1837056
1839104
1841152
1843200
1845248
1847296
1849344
1851392
1853440
1855488
1857536
1859584
1861632
1863680
1865728
1867776
1869824
1871872
1873920
1875968
1878016
1880064
1882112
1884160
1886208
1888256
1890304
1892352
1894400
1896448
1898496
1900544
1902592
1904640
1906688
1908736
1910784
1912832
1914880
1916928
1918976
1921024
1923072
1925120
1927168
1929216
1931264
1933312
1935360
1937408
1939456
1941504
1943552
1945600
1947648
1949696
1951744
1953792
1955840
1957888
1959936
1961984
1964032
1966080
1968128
1970176
1972224
1974272
1976320
1978368
1980416
1982464
1984512
1986560
1988608
1990656
1992704
1994752
1996800
1998848
2000896
2002944
2004992
2007040
2009088
2011136
2013184
2015232
2017280
2019328
2021376
2023424
2025472
2027520
2029568
2031616
2033664
2035712
2037760
2039808
2041856
2043904
2045952
2048000
2050048
2052096
2054144
2056192
2058240
2060288
2062336
2064384
2066432
2068480
2070528
2072576
2074624
2076672
2078720
2080768
2082816
2084864
2086912
2088960
2091008
2093056
2095104
1836032
1838080
1840128
1842176
1844224
1846272
1848320
1850368
1852416
1854464
1856512
1858560
1860608
1862656
1864704
1866752
1868800
1870848
1872896
1874944
1876992
1879040
1881088
1883136
1885184
1887232
1889280
1891328
1893376
1895424
1897472
1899520
1901568
1903616
1905664
1907712
1909760
1911808
1913856
1915904
1917952
1920000
1922048
1924096
1926144
1928192
1930240
1932288
1934336
1936384
1938432
1940480
1942528
1944576
1946624
1948672
1950720
1952768
1954816
1956864
1958912
1960960
1963008
1965056
1967104
1969152
1971200
1973248
1975296
1977344
1979392
1981440
1983488
1985536
1987584
1989632
1991680
1993728
1995776
1997824
1999872
2001920
2003968
2006016
2008064
2010112
2012160
2014208
2016256
2018304
2020352
2022400
2024448
2026496
2028544
2030592
2032640
2034688
2036736
2038784
2040832
2042880
2044928
2046976
2049024
2051072
2053120
2055168
2057216
2059264
2061312
2063360
2065408
2067456
2069504
2071552
2073600
2075648
2077696
2079744
2081792
2083840
2085888
2087936
2089984
2092032
2094080
2096128
