1048576
1050624
1052672
1054720
1056768
1058816
1060864
1062912
1064960
1067008
1069056
1071104
1073152
1075200
1077248
1079296
1081344
1083392
1085440
1087488
1089536
1091584
1093632
1095680
1097728
1099776
1101824
1103872
1105920
1107968
1110016
1112064
1114112
1116160
1118208
1120256
1122304
1124352
1126400
1128448
1130496
1132544
1134592
1136640
1138688
1140736
1142784
1144832
1146880
1148928
1150976
1153024
1155072
1157120
1159168
1161216
1163264
1165312
1167360
1169408
1171456
1173504
1175552
1177600
1179648
1181696
1183744
1185792
1187840
1189888
1191936
1193984
1196032
1198080
1200128
1202176
1204224
1206272
1208320
1210368
1212416
1214464
1216512
1218560
1220608
1222656
1224704
1226752
1228800
1230848
1232896
1234944
1236992
1239040
1241088
1243136
1245184
1247232
1249280
1251328
1253376
1255424
1257472
1259520
1261568
1263616
1265664
1267712
1269760
1271808
1273856
1275904
1277952
1280000
1282048
1284096
1286144
1288192
1290240
1292288
1294336
1296384
1298432
1300480
1302528
1304576
1306624
1308672
1049600
1051648
1053696
1055744
1057792
1059840
1061888
1063936
1065984
1068032
1070080
1072128
1074176
1076224
1078272
1080320
1082368
1084416
1086464
1088512
1090560
1092608
1094656
1096704
1098752
1100800
1102848
1104896
1106944
1108992
1111040
1113088
1115136
1117184
1119232
1121280
1123328
1125376
1127424
1129472
1131520
1133568
1135616
1137664
1139712
1141760
1143808
1145856
1147904
1149952
1152000
1154048
1156096
1158144
1160192
1162240
1164288
1166336
1168384
1170432
1172480
1174528
1176576
1178624
1180672
1182720
1184768
1186816
1188864
1190912
1192960
1195008
1197056
1199104
1201152
1203200
1205248
1207296
1209344
1211392
1213440
1215488
1217536
1219584
1221632
1223680
1225728
1227776
1229824
1231872
1233920
1235968
1238016
1240064
1242112
1244160
1246208
1248256
1250304
1252352
1254400
1256448
1258496
1260544
1262592
1264640
1266688
1268736
1270784
1272832
1274880
1276928
1278976
1281024
1283072
1285120
1287168
1289216
1291264
1293312
1295360
1297408
1299456
1301504
1303552
1305600
1307648
1309696
1048576
1050624
1052672
1054720
1056768
1058816
1060864
1062912
1064960
1067008
1069056
1071104
1073152
1075200
1077248
1079296
1081344
1083392
1085440
1087488
1089536
1091584
1093632
1095680
1097728
1099776
1101824
1103872
1105920
1107968
1110016
1112064
1114112
1116160
1118208
1120256
1122304
1124352
1126400
1128448
1130496
1132544
1134592
1136640
1138688
1140736
1142784
1144832
1146880
1148928
1150976
1153024
1155072
1157120
1159168
1161216
1163264
1165312
1167360
1169408
1171456
1173504
1175552
1177600
1179648
1181696
1183744
1185792
1187840
1189888
1191936
1193984
1196032
1198080
1200128
1202176
1204224
1206272
1208320
1210368
1212416
1214464
1216512
1218560
1220608
1222656
1224704
1226752
1228800
1230848
1232896
1234944
1236992
1239040
1241088
1243136
1245184
1247232
1249280
1251328
1253376
1255424
1257472
1259520
1261568
1263616
1265664
1267712
1269760
1271808
1273856
1275904
1277952
1280000
1282048
1284096
1286144
1288192
1290240
1292288
1294336
1296384
1298432
1300480
1302528
1304576
1306624
1308672
1049600
1051648
1053696
1055744
1057792
1059840
1061888
1063936
1065984
1068032
1070080
1072128
1074176
1076224
1078272
1080320
1082368
1084416
1086464
1088512
1090560
1092608
1094656
1096704
1098752
1100800
1102848
1104896
1106944
1108992
1111040
1113088
1115136
1117184
1119232
1121280
1123328
1125376
1127424
1129472
1131520
1133568
1135616
1137664
1139712
1141760
1143808
1145856
1147904
1149952
1152000
1154048
1156096
1158144
1160192
1162240
1164288
1166336
1168384
1170432
1172480
1174528
1176576
1178624
1180672
1182720
1184768
1186816
1188864
1190912
1192960
1195008
1197056
1199104
1201152
1203200
1205248
1207296
1209344
1211392
1213440
1215488
1217536
1219584
1221632
1223680
1225728
1227776
1229824
1231872
1233920
1235968
1238016
1240064
1242112
1244160
1246208
1248256
1250304
1252352
1254400
1256448
1258496
1260544
1262592
1264640
1266688
1268736
1270784
1272832
1274880
1276928
1278976
1281024
1283072
1285120
1287168
1289216
1291264
1293312
1295360
1297408
1299456
1301504
1303552
1305600
1307648
1309696
1310720
1312768
1314816
1316864
1318912
1320960
1323008
1325056
1327104
1329152
1331200
1333248
1335296
1337344
1339392
1341440
1343488
1345536
1347584
1349632
1351680
1353728
1355776
1357824
1359872
1361920
1363968
1366016
1368064
1370112
1372160
1374208
1376256
1378304
1380352
1382400
1384448
1386496
1388544
1390592
1392640
1394688
1396736
1398784
1400832
1402880
1404928
1406976
1409024
1411072
1413120
1415168
1417216
1419264
1421312
1423360
1425408
1427456
1429504
1431552
1433600
1435648
1437696
1439744
1441792
1443840
1445888
1447936
1449984
1452032
1454080
1456128
1458176
1460224
1462272
1464320
1466368
1468416
1470464
1472512
1474560
1476608
1478656
1480704
1482752
1484800
1486848
1488896
1490944
1492992
1495040
1497088
1499136
1501184
1503232
1505280
1507328
1509376
1511424
1513472
1515520
1517568
1519616
1521664
1523712
1525760
1527808
1529856
1531904
1533952
1536000
1538048
1540096
1542144
1544192
1546240
1548288
1550336
1552384
1554432
1556480
1558528
1560576
1562624
1564672
1566720
1568768
1570816
1311744
1313792
1315840
1317888
1319936
1321984
1324032
1326080
1328128
1330176
1332224
1334272
1336320
1338368
1340416
1342464
1344512
1346560
1348608
1350656
1352704
1354752
1356800
1358848
1360896
1362944
1364992
1367040
1369088
1371136
1373184
1375232
1377280
1379328
1381376
1383424
1385472
1387520
1389568
1391616
1393664
1395712
1397760
1399808
1401856
1403904
1405952
1408000
1410048
1412096
1414144
1416192
1418240
1420288
1422336
1424384
1426432
1428480
1430528
1432576
1434624
1436672
1438720
1440768
1442816
1444864
1446912
1448960
1451008
1453056
1455104
1457152
1459200
1461248
1463296
1465344
1467392
1469440
1471488
1473536
1475584
1477632
1479680
1481728
1483776
1485824
1487872
1489920
1491968
1494016
1496064
1498112
1500160
1502208
1504256
1506304
1508352
1510400
1512448
1514496
1516544
1518592
1520640
1522688
1524736
1526784
1528832
1530880
1532928
1534976
1537024
1539072
1541120
1543168
1545216
1547264
1549312
1551360
1553408
1555456
1557504
1559552
1561600
1563648
1565696
1567744
1569792
1571840
1310720
1312768
1314816
1316864
1318912
1320960
1323008
1325056
1327104
1329152
1331200
1333248
1335296
1337344
1339392
1341440
1343488
1345536
1347584
1349632
1351680
1353728
1355776
1357824
1359872
1361920
1363968
1366016
1368064
1370112
1372160
1374208
1376256
1378304
1380352
1382400
1384448
1386496
1388544
1390592
1392640
1394688
1396736
1398784
1400832
1402880
1404928
1406976
1409024
1411072
1413120
1415168
1417216
1419264
1421312
1423360
1425408
1427456
1429504
1431552
1433600
1435648
1437696
1439744
1441792
1443840
1445888
1447936
1449984
1452032
1454080
1456128
1458176
1460224
1462272
1464320
1466368
1468416
1470464
1472512
1474560
1476608
1478656
1480704
1482752
1484800
1486848
1488896
1490944
1492992
1495040
1497088
1499136
1501184
1503232
1505280
1507328
1509376
1511424
1513472
1515520
1517568
1519616
1521664
1523712
1525760
1527808
1529856
1531904
1533952
1536000
1538048
1540096
1542144
1544192
1546240
1548288
1550336
1552384
1554432
1556480
1558528
1560576
1562624
1564672
1566720
1568768
1570816
1311744
1313792
1315840
1317888
1319936
1321984
1324032
1326080
1328128
1330176
1332224
1334272
1336320
1338368
1340416
1342464
1344512
1346560
1348608
1350656
1352704
1354752
1356800
1358848
1360896
1362944
1364992
1367040
1369088
1371136
1373184
1375232
1377280
1379328
1381376
1383424
1385472
1387520
1389568
1391616
1393664
1395712
1397760
1399808
1401856
1403904
1405952
1408000
1410048
1412096
1414144
1416192
1418240
1420288
1422336
1424384
1426432
1428480
1430528
1432576
1434624
1436672
1438720
1440768
1442816
1444864
1446912
1448960
1451008
1453056
1455104
1457152
1459200
1461248
1463296
1465344
1467392
1469440
1471488
1473536
1475584
1477632
1479680
1481728
1483776
1485824
1487872
1489920
1491968
1494016
1496064
1498112
1500160
1502208
1504256
1506304
1508352
1510400
1512448
1514496
1516544
1518592
1520640
1522688
1524736
1526784
1528832
1530880
1532928
1534976
1537024
1539072
1541120
1543168
1545216
1547264
1549312
1551360
1553408
1555456
1557504
1559552
1561600
1563648
1565696
1567744
1569792
1571840
